<?xml version="1.0" encoding="UTF-8"?>
<testng-results skipped="0" failed="0" total="1" passed="1">
  <reporter-output>
  </reporter-output>
  <suite name="gittest.Test1" duration-ms="44046" started-at="2017-10-04T09:04:46Z" finished-at="2017-10-04T09:05:30Z">
    <groups>
    </groups>
    <test name="Command line test" duration-ms="44046" started-at="2017-10-04T09:04:46Z" finished-at="2017-10-04T09:05:30Z">
      <class name="gittest.Test1">
        <test-method status="PASS" signature="lunch()[pri:0, instance:gittest.Test1@18ad742]" name="lunch" duration-ms="44020" started-at="2017-10-04T14:34:46Z" finished-at="2017-10-04T14:35:30Z">
          <reporter-output>
          </reporter-output>
        </test-method> <!-- lunch -->
      </class> <!-- gittest.Test1 -->
    </test> <!-- Command line test -->
  </suite> <!-- gittest.Test1 -->
</testng-results>
