<?xml version="1.0" encoding="UTF-8"?>
<testng-results skipped="0" failed="0" total="1" passed="1">
  <reporter-output>
  </reporter-output>
  <suite name="Default suite" duration-ms="38397" started-at="2017-10-01T06:25:00Z" finished-at="2017-10-01T06:25:39Z">
    <groups>
    </groups>
    <test name="Default test" duration-ms="38397" started-at="2017-10-01T06:25:00Z" finished-at="2017-10-01T06:25:39Z">
      <class name="gittest.Test1">
        <test-method status="PASS" signature="lunch()[pri:0, instance:gittest.Test1@153f17c]" name="lunch" duration-ms="38318" started-at="2017-10-01T11:55:01Z" finished-at="2017-10-01T11:55:39Z">
          <reporter-output>
          </reporter-output>
        </test-method> <!-- lunch -->
      </class> <!-- gittest.Test1 -->
    </test> <!-- Default test -->
  </suite> <!-- Default suite -->
</testng-results>
